The state of a transaction has changed. Subject:  Security ID:  SYSTEM Account Name:  WIN-R9H529RIO4Y$ Account Domain:  WORKGROUP Logon ID:  0x3e7 Transaction Information:  RM Transaction ID: {7a1beac9-ab0f-11dc-a998-000c29fee385} New State:  48 Resource Manager:  {dbcb1457-a76f-11dc-ae5a-c74dbd19033c} Process Information:  Process ID:  0xd98 Process Name:  C:\Windows\servicing\TrustedInstaller.exe ,4985,"['The state of a transaction has changed.', 'Subject:', ' Security ID:  SYSTEM', 'Account Name:  WIN-R9H529RIO4Y$', 'Account Domain:  WORKGROUP', 'Logon ID:  0x3e7', 'Transaction Information:', ' RM Transaction ID: {7a1beac9-ab0f-11dc-a998-000c29fee385}', 'New State:  48', 'Resource Manager:  {dbcb1457-a76f-11dc-ae5a-c74dbd19033c}', 'Process Information:', ' Process ID:  0xd98', 'Process Name:  C:\\\\\\\\\\\\\\\\Windows\\\\\\\\\\\\\\\\servicing\\\\\\\\\\\\\\\\TrustedInstaller.exe']"
The Windows Firewall Service has started successfully. ,5024,['The Windows Firewall Service has started successfully.']
The Windows Firewall Service has been stopped. ,5025,['The Windows Firewall Service has been stopped.']
The Windows Firewall Service was unable to retrieve the security policy from the local storage. The service will continue enforcing the current policy. Error Code: %1 ,5027,"['The Windows Firewall Service was unable to retrieve the security policy from the local storage. The service will continue enforcing the current policy.', 'Error Code: %1']"
The Windows Firewall Service was unable to parse the new security policy. The service will continue with currently enforced policy. Error Code: %1 ,5028,"['The Windows Firewall Service was unable to parse the new security policy. The service will continue with currently enforced policy.', 'Error Code: %1']"
The Windows Firewall Service failed to initialize the driver. The service will continue to enforce the current policy. Error Code: %1 ,5029,"['The Windows Firewall Service failed to initialize the driver. The service will continue to enforce the current policy.', 'Error Code: %1']"
The Windows Firewall Service failed to start. Error Code: %1 ,5030,"['The Windows Firewall Service failed to start.', 'Error Code: %1']"
The Windows Firewall Service blocked an application from accepting incoming connections on the network. Profiles: Public Application: C:\windows\system32\tcpsvcs.exe ,5031,"['The Windows Firewall Service blocked an application from accepting incoming connections on the network.', 'Profiles: Public', 'Application: C:\\\\\\\\\\\\\\\\windows\\\\\\\\\\\\\\\\system32\\\\\\\\\\\\\\\\tcpsvcs.exe']"
Windows Firewall was unable to notify the user that it blocked an application from accepting incoming connections on the network. Error Code: 2 ,5032,"['Windows Firewall was unable to notify the user that it blocked an application from accepting incoming connections on the network.', 'Error Code: 2']"
The Windows Firewall Driver has started successfully. ,5033,['The Windows Firewall Driver has started successfully.']
The Windows Firewall Driver has been stopped. ,5034,['The Windows Firewall Driver has been stopped.']
The Windows Firewall Driver failed to start. Error Code: %1 ,5035,"['The Windows Firewall Driver failed to start.', 'Error Code: %1']"
The Windows Firewall Driver detected critical runtime error. Terminating. Error Code: %1 ,5037,"['The Windows Firewall Driver detected critical runtime error. Terminating.', 'Error Code: %1']"
Code integrity determined that the image hash of a file is not valid. The file could be corrupt due to unauthorized modification or the invalid hash could indicate a potential disk device error. File Name: \Device\HarddiskVolume1\Program Files\VMware\VMware Tools\Drivers\memctl\vmmemctl.sys ,5038,"['Code integrity determined that the image hash of a file is not valid. The file could be corrupt due to unauthorized modification or the invalid hash could indicate a potential disk device error.', 'File Name: \\\\\\\\\\\\\\\\Device\\\\\\\\\\\\\\\\HarddiskVolume1\\\\\\\\\\\\\\\\Program Files\\\\\\\\\\\\\\\\VMware\\\\\\\\\\\\\\\\VMware Tools\\\\\\\\\\\\\\\\Drivers\\\\\\\\\\\\\\\\memctl\\\\\\\\\\\\\\\\vmmemctl.sys']"
A registry key was virtualized. Subject:  Security ID:  %1 Account Name:  %2 Account Domain:  %3 Logon ID:  %4 Object:  Key Name:  %5 Virtual Key Name:  %6 Process Information:  Process ID:  %7 Process Name:  %8 ,5039,"['A registry key was virtualized.', 'Subject:', ' Security ID:  %1', 'Account Name:  %2', 'Account Domain:  %3', 'Logon ID:  %4', 'Object:', ' Key Name:  %5', 'Virtual Key Name:  %6', 'Process Information:', ' Process ID:  %7', 'Process Name:  %8']"
A change has been made to IPsec settings. An Authentication Set was added. Profile Changed: %1 Added Authentication Set: ID: %2 Name: %3  ,5040,"['A change has been made to IPsec settings. An Authentication Set was added.', 'Profile Changed: %1', 'Added Authentication Set:', 'ID: %2', 'Name: %3']"
A change has been made to IPsec settings. An Authentication Set was modified. Profile Changed: %1 Modified Authentication Set: ID: %2 Name: %3  ,5041,"['A change has been made to IPsec settings. An Authentication Set was modified.', 'Profile Changed: %1', 'Modified Authentication Set:', 'ID: %2', 'Name: %3']"
A change has been made to IPsec settings. An Authentication Set was deleted. Profile Changed: %1 Deleted Authentication Set: ID: %2 Name: %3  ,5042,"['A change has been made to IPsec settings. An Authentication Set was deleted.', 'Profile Changed: %1', 'Deleted Authentication Set:', 'ID: %2', 'Name: %3']"
A change has been made to IPsec settings. A Connection Security Rule was added. Profile Changed: %1 Added Connection Security Rule: ID: %2 Name: %3  ,5043,"['A change has been made to IPsec settings. A Connection Security Rule was added.', 'Profile Changed: %1', 'Added Connection Security Rule:', 'ID: %2', 'Name: %3']"
A change has been made to IPsec settings. A Connection Security Rule was modified. Profile Changed: %1 Modified Connection Security Rule: ID: %2 Name: %3  ,5044,"['A change has been made to IPsec settings. A Connection Security Rule was modified.', 'Profile Changed: %1', 'Modified Connection Security Rule:', 'ID: %2', 'Name: %3']"
A change has been made to IPsec settings. A Connection Security Rule was deleted. Profile Changed: %1 Deleted Connection Security Rule: ID: %2 Name: %3  ,5045,"['A change has been made to IPsec settings. A Connection Security Rule was deleted.', 'Profile Changed: %1', 'Deleted Connection Security Rule:', 'ID: %2', 'Name: %3']"
A change has been made to IPsec settings. A Crypto Set was added. Profile Changed: %1 Added Crypto Set: ID: %2 Name: %3  ,5046,"['A change has been made to IPsec settings. A Crypto Set was added.', 'Profile Changed: %1', 'Added Crypto Set:', 'ID: %2', 'Name: %3']"
A change has been made to IPsec settings. A Crypto Set was modified. Profile Changed: %1 Modified Crypto Set: ID: %2 Name: %3 ,5047,"['A change has been made to IPsec settings. A Crypto Set was modified.', 'Profile Changed: %1', 'Modified Crypto Set:', 'ID: %2', 'Name: %3']"
A change has been made to IPsec settings. A Crypto Set was deleted. Profile Changed: All Deleted Crypto Set: ID: {E5A7D97B-4BCE-4e4d-B07F-4AB1BA7E7tr4} Name: -   ,5048,"['A change has been made to IPsec settings. A Crypto Set was deleted.', 'Profile Changed: All', 'Deleted Crypto Set:', 'ID: {E5A7D97B-4BCE-4e4d-B07F-4AB1BA7E7tr4}', 'Name: - ']"
An IPsec Security Association was deleted. Profile Changed: %1 Deleted SA: ID: %2 Name: %3   ,5049,"['An IPsec Security Association was deleted.', 'Profile Changed: %1', 'Deleted SA:', 'ID: %2', 'Name: %3']"
An attempt to programmatically disable the Windows Firewall using a call to INetFwProfile.FirewallEnabled(FALSE) interface was rejected because this API is not supported on Windows Vista. This has most likely occurred due to a program which is incompatible with Windows Vista. Please contact the program's manufacturer to make sure you have a Windows Vista compatible program version. Error Code: E_NOTIMPL Caller Process Name: %1 Process Id: %2 ,5050,"['""An attempt to programmatically disable the Windows Firewall using a call to INetFwProfile.FirewallEnabled(FALSE) interface was rejected because this API is not supported on Windows Vista. This has most likely occurred due to a program which is incompatible with Windows Vista. Please contact the programs manufacturer to make sure you have a Windows Vista compatible program version.""', 'Error Code: E_NOTIMPL', 'Caller Process Name: %1', 'Process Id: %2']"
A file was virtualized. Subject: Security ID:  %1 Account Name:  %2 Account Domain:  %3 Logon ID:  %4 Object: File Name:  %5 Virtual File Name: %6 Process Information: Process ID:  %7 Process Name:  %8  ,5051,"['A file was virtualized.', 'Subject:', 'Security ID:  %1', 'Account Name:  %2', 'Account Domain:  %3', 'Logon ID:  %4', 'Object:', 'File Name:  %5', 'Virtual File Name: %6', 'Process Information:', 'Process ID:  %7', 'Process Name:  %8']"
A cryptographic self test was performed. Subject: Security ID:  SYSTEM Account Name:  WIN-857ZZX6RQHL$ Account Domain:  ACME-FR Logon ID:  0x3e7 Module:  ncrypt.dll Return Code: 0x0 ,5056,"['A cryptographic self test was performed.', 'Subject:', 'Security ID:  SYSTEM', 'Account Name:  WIN-857ZZX6RQHL$', 'Account Domain:  ACME-FR', 'Logon ID:  0x3e7', 'Module:  ncrypt.dll', 'Return Code: 0x0']"
A cryptographic primitive operation failed. Subject: Security ID:  %1 Account Name:  %2 Account Domain:  %3 Logon ID:  %4 Cryptographic Parameters: Provider Name:  %5 Algorithm Name: %6 Failure Information: Reason:  %7 Return Code:  %8  ,5057,"['A cryptographic primitive operation failed.', 'Subject:', 'Security ID:  %1', 'Account Name:  %2', 'Account Domain:  %3', 'Logon ID:  %4', 'Cryptographic Parameters:', 'Provider Name:  %5', 'Algorithm Name: %6', 'Failure Information:', 'Reason:  %7', 'Return Code:  %8']"
Key file operation. Subject:  Security ID:  SYSTEM Account Name:  WIN-857ZZX6RQHL$ Account Domain:  ACME-FR Logon ID:  0x3e7 Process Information:   Process ID: Process Creation Time:  Cryptographic Parameters:  Provider Name: Microsoft Software Key Storage Provider Algorithm Name: Not Available. Key Name: acme-fr-WIN-857ZZX6RQHL-CA Key Type: Machine key. Key File Operation Information:  File Path: C:\ProgramData\Microsoft\Crypto\Keys\375d951cf427e77c9b8cbf68fdf21148_82f19091- d5b5-4765-8e46-a16b1daddf27 Operation: Read persisted key from file. Return Code: 0x0  ,5058,"['Key file operation.', 'Subject:', ' Security ID:  SYSTEM', 'Account Name:  WIN-857ZZX6RQHL$', 'Account Domain:  ACME-FR', 'Logon ID:  0x3e7', 'Process Information:', ' Process ID:', 'Process Creation Time:', 'Cryptographic Parameters:', ' Provider Name: Microsoft Software Key Storage Provider', 'Algorithm Name: Not Available.', 'Key Name: acme-fr-WIN-857ZZX6RQHL-CA', 'Key Type: Machine key.', 'Key File Operation Information:', ' File Path: C:\\\\\\\\\\\\\\\\ProgramData\\\\\\\\\\\\\\\\Microsoft\\\\\\\\\\\\\\\\Crypto\\\\\\\\\\\\\\\\Keys\\\\\\\\\\\\\\\\375d951cf427e77c9b8cbf68fdf21148_82f19091- d5b5-4765-8e46-a16b1daddf27', 'Operation: Read persisted key from file.', 'Return Code: 0x0']"
Key migration operation. Subject:  Security ID:  ACME-FR\administrator Account Name:  administrator Account Domain:  ACME-FR Logon ID:  0x20f9d Process Information:   Process ID: Process Creation Time: Cryptographic Parameters:  Provider Name: Microsoft Software Key Storage Provider Algorithm Name: RSA Key Name: acme-fr-WIN-857ZZX6RQHL-CA Key Type: Machine key. Additional Information:  Operation: Export of persistent cryptographic key. Return Code: 0x0 ,5059,"['Key migration operation.', 'Subject:', ' Security ID:  ACME-FR\\\\\\\\\\\\\\\\administrator', 'Account Name:  administrator', 'Account Domain:  ACME-FR', 'Logon ID:  0x20f9d', 'Process Information:', ' Process ID:', 'Process Creation Time:', 'Cryptographic Parameters:', ' Provider Name: Microsoft Software Key Storage Provider', 'Algorithm Name: RSA', 'Key Name: acme-fr-WIN-857ZZX6RQHL-CA', 'Key Type: Machine key.', 'Additional Information:', ' Operation: Export of persistent cryptographic key.', 'Return Code: 0x0']"
Verification operation failed. Subject:  Security ID:  %1 Account Name:  %2 Account Domain:  %3 Logon ID:  %4 Cryptographic Parameters:  Provider Name: %5 Algorithm Name: %6 Key Name: %7 Key Type: %8 Failure Information:  Reason: %9 Return Code: %10  ,5060,"['Verification operation failed.', 'Subject:', ' Security ID:  %1', 'Account Name:  %2', 'Account Domain:  %3', 'Logon ID:  %4', 'Cryptographic Parameters:', ' Provider Name: %5', 'Algorithm Name: %6', 'Key Name: %7', 'Key Type: %8', 'Failure Information:', ' Reason: %9', 'Return Code: %10']"
Cryptographic operation. Subject:  Security ID:  SYSTEM Account Name:  WIN-857ZZX6RQHL$ Account Domain:  ACME-FR Logon ID:  0x3e7 Cryptographic Parameters:  Provider Name: Microsoft Software Key Storage Provider Algorithm Name: RSA Key Name: acme-fr-WIN-857ZZX6RQHL-CA Key Type: Machine key. Cryptographic Operation:  Operation: Open Key. Return Code: 0x0 ,5061,"['Cryptographic operation.', 'Subject:', ' Security ID:  SYSTEM', 'Account Name:  WIN-857ZZX6RQHL$', 'Account Domain:  ACME-FR', 'Logon ID:  0x3e7', 'Cryptographic Parameters:', ' Provider Name: Microsoft Software Key Storage Provider', 'Algorithm Name: RSA', 'Key Name: acme-fr-WIN-857ZZX6RQHL-CA', 'Key Type: Machine key.', 'Cryptographic Operation:', ' Operation: Open Key.', 'Return Code: 0x0']"
A kernel-mode cryptographic self test was performed. Module: %1 Return Code: %2 ,5062,"['A kernel-mode cryptographic self test was performed.', 'Module: %1', 'Return Code: %2']"
A cryptographic provider operation was attempted. Subject:  Security ID:  %1 Account Name:  %2 Account Domain:  %3 Logon ID:  %4 Cryptographic Provider:  Name: %5 Module: %6 Operation: %7 Return Code: %8 ,5063,"['A cryptographic provider operation was attempted.', 'Subject:', ' Security ID:  %1', 'Account Name:  %2', 'Account Domain:  %3', 'Logon ID:  %4', 'Cryptographic Provider:', ' Name: %5', 'Module: %6', 'Operation: %7', 'Return Code: %8']"
A cryptographic context operation was attempted. Subject:  Security ID:  %1 Account Name:  %2 Account Domain:  %3 Logon ID:  %4 Configuration Parameters:  Scope: %5 Context: %6 Operation: %7 Return Code: %8 ,5064,"['A cryptographic context operation was attempted.', 'Subject:', ' Security ID:  %1', 'Account Name:  %2', 'Account Domain:  %3', 'Logon ID:  %4', 'Configuration Parameters:', ' Scope: %5', 'Context: %6', 'Operation: %7', 'Return Code: %8']"
A cryptographic context modification was attempted. Subject:  Security ID:  %1 Account Name:  %2 Account Domain:  %3 Logon ID:  %4 %Configuration Parameters:  Scope: %5 Context: %6 Change Information:  Old Value: %7 New Value: %8 Return Code: %9 ,5065,"['A cryptographic context modification was attempted.', 'Subject:', ' Security ID:  %1', 'Account Name:  %2', 'Account Domain:  %3', 'Logon ID:  %4', '%Configuration Parameters:', ' Scope: %5', 'Context: %6', 'Change Information:', ' Old Value: %7', 'New Value: %8', 'Return Code: %9']"
A cryptographic function operation was attempted. Subject:  Security ID:  %1 Account Name:  %2 Account Domain:  %3 Logon ID:  %4 Configuration Parameters: Scope: %5 Context: %6 Interface: %7 Function: %8 Position: %9 Operation: %10 Return Code: %11 ,5066,"['A cryptographic function operation was attempted.', 'Subject:', ' Security ID:  %1', 'Account Name:  %2', 'Account Domain:  %3', 'Logon ID:  %4', 'Configuration Parameters:', 'Scope: %5', 'Context: %6', 'Interface: %7', 'Function: %8', 'Position: %9', 'Operation: %10', 'Return Code: %11']"
A cryptographic function modification was attempted. Subject:  Security ID:  %1 Account Name:  %2 Account Domain:  %3 Logon ID:  %4 Configuration Parameters:  Scope: %5 Context: %6 Interface: %7 Function: %8 Change Information:  Old Value: %9 New Value: %10 Return Code: %11 ,5067,"['A cryptographic function modification was attempted.', 'Subject:', ' Security ID:  %1', 'Account Name:  %2', 'Account Domain:  %3', 'Logon ID:  %4', 'Configuration Parameters:', ' Scope: %5', 'Context: %6', 'Interface: %7', 'Function: %8', 'Change Information:', ' Old Value: %9', 'New Value: %10', 'Return Code: %11']"
A cryptographic function provider operation was attempted. Subject:  Security ID:  %1 Account Name:  %2 Account Domain:  %3 Logon ID:  %4 Configuration Parameters:  Scope: %5 Context: %6 Interface: %7 Function: %8 Provider: %9 Position: %10 Operation: %11 Return Code: %12 ,5068,"['A cryptographic function provider operation was attempted.', 'Subject:', ' Security ID:  %1', 'Account Name:  %2', 'Account Domain:  %3', 'Logon ID:  %4', 'Configuration Parameters:', ' Scope: %5', 'Context: %6', 'Interface: %7', 'Function: %8', 'Provider: %9', 'Position: %10', 'Operation: %11', 'Return Code: %12']"
A cryptographic function property operation was attempted. Subject:  Security ID:  %1 Account Name:  %2 Account Domain:  %3 Logon ID:  %4 Configuration Parameters:  Scope: %5 Context: %6 Interface: %7 Function: %8 Property: %9 Operation: %10 Value: %11 ,5069,"['A cryptographic function property operation was attempted.', 'Subject:', ' Security ID:  %1', 'Account Name:  %2', 'Account Domain:  %3', 'Logon ID:  %4', 'Configuration Parameters:', ' Scope: %5', 'Context: %6', 'Interface: %7', 'Function: %8', 'Property: %9', 'Operation: %10', 'Value: %11']"
A cryptographic function property modification was attempted. Subject:  Security ID:  %1 Account Name:  %2 Account Domain:  %3 Logon ID:  %4 Configuration Parameters:  Scope: %5 Context: %6 Interface: %7 Function: %8 Property: %9 Change Information:  Old Value: %10 New Value: %11 Return Code: %12 ,5070,"['A cryptographic function property modification was attempted.', 'Subject:', ' Security ID:  %1', 'Account Name:  %2', 'Account Domain:  %3', 'Logon ID:  %4', 'Configuration Parameters:', ' Scope: %5', 'Context: %6', 'Interface: %7', 'Function: %8', 'Property: %9', 'Change Information:', ' Old Value: %10', 'New Value: %11', 'Return Code: %12']"
Key access denied by Microsoft key distribution service. Subject: Security ID:  %1 Account Name:  %2 Account Domain:  %3 Logon ID:   %4 Security Descriptor: %5 ,5071,"['Key access denied by Microsoft key distribution service.', 'Subject:', 'Security ID:  %1', 'Account Name:  %2', 'Account Domain:  %3', 'Logon ID:   %4', 'Security Descriptor: %5']"
OCSP Responder Service Started. ,5120,['OCSP Responder Service Started.']
OCSP Responder Service Stopped. ,5121,['OCSP Responder Service Stopped.']
A Configuration entry changed in the OCSP Responder Service. CA Configuration ID: %1 New Value: %2 ,5122,"['A Configuration entry changed in the OCSP Responder Service.', 'CA Configuration ID: %1', 'New Value: %2']"
A configuration entry changed in the OCSP Responder Service. Property Name: %1 New Value: %2 ,5123,"['A configuration entry changed in the OCSP Responder Service.', 'Property Name: %1', 'New Value: %2']"
A security setting was updated on OCSP Responder Service. New Value: %1 ,5124,"['A security setting was updated on OCSP Responder Service.', 'New Value: %1']"
A request was submitted to OCSP Responder Service ,5125,['A request was submitted to OCSP Responder Service']
Signing Certificate was automatically updated by the OCSP Responder Service. CA Configuration ID: %1 New Signing Certificate Hash: %2 ,5126,"['Signing Certificate was automatically updated by the OCSP Responder Service.', 'CA Configuration ID: %1', 'New Signing Certificate Hash: %2']"
The OCSP Revocation Provider successfully updated the revocation information. CA Configuration ID: %1 Base CRL Number: %2 Base CRL This Update: %3 Base CRL Hash: %4 Delta CRL Number: %5 Delta CRL Indicator: %6 Delta CRL This Update: %7 Delta CRL Hash: %8 ,5127,"['The OCSP Revocation Provider successfully updated the revocation information.', 'CA Configuration ID: %1', 'Base CRL Number: %2', 'Base CRL This Update: %3', 'Base CRL Hash: %4', 'Delta CRL Number: %5', 'Delta CRL Indicator: %6', 'Delta CRL This Update: %7', 'Delta CRL Hash: %8']"
"Edit Of A Group Policy Object A directory service object was modified. Subject:  Security ID:  ACME-FR\Administrator Account Name:  Administrator Account Domain:  ACME-FR Logon ID:  0xc84dfe Directory Service:  Name: acme.com Type: Active Directory Domain Services Object:  DN: cn={0AB54C97-8836-43BB-9B53- 87556DD51F30},cn=policies,cn=system,DC=acme,DC=com GUID: CN={0AB54C97-8836-43BB-9B53- 87556DD51F30},CN=Policies,CN=System,DC=acme,DC=com Class: groupPolicyContainer Attribute:  LDAP Display Name: versionNumber Syntax (OID): 2.5.5.9 Value: 4 Operation:  Type: Value Added Correlation ID: {ff320a1e-447a-4bb1-9196-bb3469a00b55} Application Correlation ID: - ------------------------------------------------ Change To Display Name Of User A directory service object was modified. Subject:  Security ID:  ACME\administrator Account Name:  administrator Account Domain:  ACME Logon ID:  0x30999 Directory Service:  Name: acme.com Type: Active Directory Domain Services  Object:  DN: cn=Evangeline Lilly,ou=test,DC=acme,DC=com GUID: CN=Evangeline Lilly,OU=test,DC=acme,DC=com Class: user Attribute:  LDAP Display Name: displayName Syntax (OID): 2.5.5.12 Value: Born to run character in Lost Operation:  Type: Value Added Correlation ID: {c0313036-edda-4f26-bdbf-a43c6013e7e3} Application Correlation ID: - ------------------------------------------------ Change To Permissions on an OU A directory service object was modified. Subject:  Security ID:  ACME\administrator Account Name: Administrator Account Domain:  ACME Logon ID:  0x23187 Directory Service:  Name: acme.com Type: Active Directory Domain Services  Object:  DN: OU=AcmeManagers,OU=AcmeAdmins,DC-acme,DC=ru GUID: {ae01e035-e108-4108-a098-1a3162ebe245} Class: organizationalUnit Attribute:  LDAP Display Name: nTSecurityDescriptor Syntax (OID): 2.5.5.15 Value: O:DAG:DAD:AI(OA;CIIO;CR;00299570-246d-11d0-a768-00aa006e0529;bf967aba-0de6-11d0-a285-00aa003049e2;S-1-5-21-3574173841-1192904138-508017755-1000)(OA;CIIO;RPWP;bf967a0a-0de6-11d0-a285-00aa003049e2;bf967aba-0de6-11d0-a285-00aa003049e2;S-1-5-21-3574173841-1192904138-508017755-1000)(OA;;CCDC;4828cc14-1437-45bc-9b07-ad6f015e5f28;;AO)(OA;;CCDC;bf967a86-0de6-11d0-a285-00aa003049e2;;AO)(OA;;CCDC;bf967a9c-0de6-11d0-a285-00aa003049e2;;AO)(OA;;CCDC;bf967aa8-0de6-11d0-a285-00aa003049e2;;PO)(OA;;CCDC;bf967aba-0de6-11d0-a285-00aa003049e2;;AO)(A;;CCDCLCSWRPWPDTLOCRSDRCWDWO;;;DA)(A;;LCRPLORC;;;ED)(A;;LCRPLORC;;;AU)(A;;CCDCLCSWRPWPDTLOCRSDRCWDWO;;;SY)(OA;CIIOID;RP;4c164200-20c0-11d0-a768-00aa006e0529;4828cc14-1437-45bc-9b07-ad6f015e5f28;RU)(OA;CIIOID;RP;4c164200-20c0-11d0-a768-00aa006e0529;bf967aba-0de6-11d0-a285-00aa003049e2;RU)(OA;CIIOID;RP;5f202010-79a5-11d0-9020- Operation:  Type: Value Added Correlation ID: {dfc8f4d7-b08c-492f-9686-99de30e1a7d1} Application Correlation ID: - ",5136,"['Edit Of A Group Policy Object', 'A directory service object was modified.', 'Subject:', ' Security ID:  ACME-FR\\\\\\\\\\\\\\\\Administrator', 'Account Name:  Administrator', 'Account Domain:  ACME-FR', 'Logon ID:  0xc84dfe', 'Directory Service:', ' Name: acme.com', 'Type: Active Directory Domain Services', 'Object:', ' DN: cn={0AB54C97-8836-43BB-9B53- 87556DD51F30},cn=policies,cn=system,DC=acme,DC=com', 'GUID: CN={0AB54C97-8836-43BB-9B53- 87556DD51F30},CN=Policies,CN=System,DC=acme,DC=com', 'Class: groupPolicyContainer', 'Attribute:', ' LDAP Display Name: versionNumber', 'Syntax (OID): 2.5.5.9', 'Value: 4', 'Operation:', ' Type: Value Added', 'Correlation ID: {ff320a1e-447a-4bb1-9196-bb3469a00b55}', 'Application Correlation ID: -']"
"Creation of a User A directory service object was created. Subject:  Security ID:  ACME\Administrator Account Name:  Administrator Account Domain:  ACME Logon ID:  0x27a79 Directory Service:  Name: acme.local Type: Active Directory Domain Services Object:  DN: cn=Nimrod Jones,OU=New York,OU=AcmeUsers,DC=acme,DC=local GUID: CN=Nimrod Jones\0ADEL:24f60da0-baeb-4e6c-99f1- 8fdad6a39515,CN=Deleted Objects,DC=acme,DC=local Class: user Operation:  Correlation ID: {60818a5a-4bdb-4c72-bcd2-7e54ba21b25e} Application Correlation ID: - ---------------------------------------------------- Creation of a Group Policy Object A directory service object was created. Subject:  Security ID:  ACME\administrator Account Name:  administrator Account Domain:  ACME Logon ID:  0x30999 Directory Service:  Name: acme.com Type: Active Directory Domain Services Object:  DN: CN={8F8DF4A9-5B21-4A27-9BA6- 1AECC663E843},CN=Policies,CN=System,DC=acme,DC=com GUID: CN={8F8DF4A9-5B21-4A27-9BA6-1AECC663E843}\0ADEL:291d5001- 782a-4b3c-a319-87c060621b0e,CN=Deleted Objects,DC=acme,DC=com Class: groupPolicyContainer Operation:  Correlation ID: {f4435860-98a6-4846-9cbb-3a43b117333e} Application Correlation ID: - ",5137,"['Creation of a User', 'A directory service object was created.', 'Subject:', ' Security ID:  ACME\\\\\\\\\\\\\\\\Administrator', 'Account Name:  Administrator', 'Account Domain:  ACME', 'Logon ID:  0x27a79', 'Directory Service:', ' Name: acme.local', 'Type: Active Directory Domain Services', 'Object:', ' DN: cn=Nimrod Jones,OU=New York,OU=AcmeUsers,DC=acme,DC=local', 'GUID: CN=Nimrod Jones\\\\\\\\\\\\\\\\0ADEL:24f60da0-baeb-4e6c-99f1- 8fdad6a39515,CN=Deleted Objects,DC=acme,DC=local', 'Class: user', 'Operation:', ' Correlation ID: {60818a5a-4bdb-4c72-bcd2-7e54ba21b25e}', 'Application Correlation ID: -']"
A directory service object was undeleted. Subject:  Security ID:  %3 Account Name:  %4 Account Domain:  %5 Logon ID:  %6 Directory Service:  Name: %7 Type: %8 Object:  Old DN: %9 New DN: %10 GUID: %11 Class: %12 Operation:  Correlation ID: %1 Application Correlation ID: %2 ,5138,"['A directory service object was undeleted.', 'Subject:', ' Security ID:  %3', 'Account Name:  %4', 'Account Domain:  %5', 'Logon ID:  %6', 'Directory Service:', ' Name: %7', 'Type: %8', 'Object:', ' Old DN: %9', 'New DN: %10', 'GUID: %11', 'Class: %12', 'Operation:', ' Correlation ID: %1', 'Application Correlation ID: %2']"
"A directory service object was moved. Subject:  Security ID:  ACME\Administrator Account Name:  Administrator Account Domain:  ACME Logon ID:  0x27a79 Directory Service:  Name:  acme.local Type:  Active Directory Domain Services Object:  Old DN:  CN=Napoleon Bonaparte,OU=New York,OU=AcmeUsers,DC=acme,DC=local New DN: CN=Napoleon Bonaparte,OU=France,OU=AcmeUsers,DC=acme,DC=local GUID:  CN=Napoleon Bonaparte,OU=France,OU=AcmeUsers,DC=acme,DC=local Class:  user Operation:  Correlation ID:  {03012d56-855d-41ed-84ac-ec11979965d0} Application Correlation ID: - ",5139,"['A directory service object was moved.', 'Subject:', ' Security ID:  ACME\\\\\\\\\\\\\\\\Administrator', 'Account Name:  Administrator', 'Account Domain:  ACME', 'Logon ID:  0x27a79', 'Directory Service:', ' Name:  acme.local', 'Type:  Active Directory Domain Services', 'Object:', ' Old DN:  CN=Napoleon Bonaparte,OU=New York,OU=AcmeUsers,DC=acme,DC=local', 'New DN: CN=Napoleon Bonaparte,OU=France,OU=AcmeUsers,DC=acme,DC=local', 'GUID:  CN=Napoleon Bonaparte,OU=France,OU=AcmeUsers,DC=acme,DC=local', 'Class:  user', 'Operation:', ' Correlation ID:  {03012d56-855d-41ed-84ac-ec11979965d0}', 'Application Correlation ID: -']"
A network share object was accessed. Subject:  Security ID:  ACME-FR\Administrator Account Name:  Administrator Account Domain:  ACME-FR Logon ID:  0x74a739 Network Information:  Source Address:  10.42.42.221 Source Port:  65097 Share Name:  \\*\Dharma Initiative Protocols ,5140,"['A network share object was accessed.', 'Subject:', ' Security ID:  ACME-FR\\\\\\\\\\\\\\\\Administrator', 'Account Name:  Administrator', 'Account Domain:  ACME-FR', 'Logon ID:  0x74a739', 'Network Information:', ' Source Address:  10.42.42.221', 'Source Port:  65097', 'Share Name:  \\\\\\\\\\\\\\\\\\\\\\\\\\\\\\\\*\\\\\\\\\\\\\\\\Dharma Initiative Protocols']"
"A directory service object was deleted. Subject:  Security ID:  ACME\administrator Account Name:  administrator Account Domain:  ACME Logon ID:  0x30999 Directory Service:  Name: acme.com Type: Active Directory Domain Services Object:  DN: CN={8F8DF4A9-5B21-4A27-9BA6- 1AECC663E843},CN=Policies,CN=System,DC=acme,DC=com GUID: CN={8F8DF4A9-5B21-4A27-9BA6-1AECC663E843}\0ADEL:291d5001- 782a-4b3c-a319-87c060621b0e,CN=Deleted Objects,DC=acme,DC=com Class: groupPolicyContainer Operation:  Tree Delete: No Correlation ID: {140c9cef-8dc1-48f4-8b4a-de79230731a6} Application Correlation ID: -  ",5141,"['A directory service object was deleted.', 'Subject:', ' Security ID:  ACME\\\\\\\\\\\\\\\\administrator', 'Account Name:  administrator', 'Account Domain:  ACME', 'Logon ID:  0x30999', 'Directory Service:', ' Name: acme.com', 'Type: Active Directory Domain Services', 'Object:', ' DN: CN={8F8DF4A9-5B21-4A27-9BA6- 1AECC663E843},CN=Policies,CN=System,DC=acme,DC=com', 'GUID: CN={8F8DF4A9-5B21-4A27-9BA6-1AECC663E843}\\\\\\\\\\\\\\\\0ADEL:291d5001- 782a-4b3c-a319-87c060621b0e,CN=Deleted Objects,DC=acme,DC=com', 'Class: groupPolicyContainer', 'Operation:', ' Tree Delete: No', 'Correlation ID: {140c9cef-8dc1-48f4-8b4a-de79230731a6}', 'Application Correlation ID: -']"
A network share object was added.  Subject: Security ID: W8R2\wsmith Account Name: wsmith Account Domain: W8R2 Logon ID: 0x475b7 Share Information:  Share Name: \\*\AcmeAccounting Share Path: C:\AcmeAccounting ,5142,"['A network share object was added.', 'Subject:', 'Security ID: W8R2\\\\\\\\\\\\\\\\wsmith', 'Account Name: wsmith', 'Account Domain: W8R2', 'Logon ID: 0x475b7', 'Share Information: ', 'Share Name: \\\\\\\\\\\\\\\\\\\\\\\\\\\\\\\\*\\\\\\\\\\\\\\\\AcmeAccounting', 'Share Path: C:\\\\\\\\\\\\\\\\AcmeAccounting']"
A network share object was modified.  Subject: Security ID: W8R2\wsmith Account Name: wsmith Account Domain: W8R2 Logon ID: 0x475b7 Share Information: Object Type: Directory Share Name: \\*\AcmeAccounting Share Path: C:\AcmeAccounting Old Remark: N/A New Remark: N/A Old MaxUsers: 0xffffffff New Maxusers: 0xffffffff Old ShareFlags: 0x0 New ShareFlags: 0x800 Old SD: O:S-1-5-21-1850286605-2959700293-454930584-1104G:DUD:(A;OICI;FA;;;BA)(A;OICI;FA;;;WD) New SD: O:S-1-5-21-1850286605-2959700293-454930584-1104G:DUD:(A;OICI;FA;;;BA)(A;OICI;FA;;;WD) ,5143,"['A network share object was modified.', 'Subject:', 'Security ID: W8R2\\\\\\\\\\\\\\\\wsmith', 'Account Name: wsmith', 'Account Domain: W8R2', 'Logon ID: 0x475b7', 'Share Information:', 'Object Type: Directory', 'Share Name: \\\\\\\\\\\\\\\\\\\\\\\\\\\\\\\\*\\\\\\\\\\\\\\\\AcmeAccounting', 'Share Path: C:\\\\\\\\\\\\\\\\AcmeAccounting', 'Old Remark: N/A', 'New Remark: N/A', 'Old MaxUsers: 0xffffffff', 'New Maxusers: 0xffffffff', 'Old ShareFlags: 0x0', 'New ShareFlags: 0x800', 'Old SD: O:S-1-5-21-1850286605-2959700293-454930584-1104G:DUD:(A;OICI;FA;;;BA)(A;OICI;FA;;;WD)', 'New SD: O:S-1-5-21-1850286605-2959700293-454930584-1104G:DUD:(A;OICI;FA;;;BA)(A;OICI;FA;;;WD)']"
A network share object was deleted.  Subject: Security ID: W8R2\wsmith Account Name: wsmith Account Domain: W8R2 Logon ID: 0x475b7 Share Information:  Share Name: \\*\AcmeAccounting Share Path: C:\AcmeAccounting ,5144,"['A network share object was deleted.', 'Subject:', 'Security ID: W8R2\\\\\\\\\\\\\\\\wsmith', 'Account Name: wsmith', 'Account Domain: W8R2', 'Logon ID: 0x475b7', 'Share Information: ', 'Share Name: \\\\\\\\\\\\\\\\\\\\\\\\\\\\\\\\*\\\\\\\\\\\\\\\\AcmeAccounting', 'Share Path: C:\\\\\\\\\\\\\\\\AcmeAccounting']"
A network share object was checked to see whether client can be granted desired access. Subject: Security ID: SYSTEM Account Name: WIN-KOSWZXC03L0$ Account Domain: W8R2 Logon ID: 0x86d584 Network Information:  Object Type: File Source Address: fe80::507a:5bf7:2a72:c046 Source Port: 55490  Share Information: Share Name: \\*\SYSVOL Share Path: \??\C:\Windows\SYSVOL\sysvol Relative Target Name: w8r2.com\Policies\{6AC1786C-016F-11D2-945F-00C04fB984F9}\Machine\Microsoft\Windows NT\Audit\audit.csv Access Request Information: Access Mask: 0x120089 Accesses: READ_CONTROL SYNCHRONIZE ReadData (or ListDirectory) ReadEA ReadAttributes  Access Check Results: READ_CONTROL: Granted by Ownership SYNCHRONIZE: Granted byD:(A;;0x1200a9;;;WD) ReadData (or ListDirectory): Granted byD:(A;;0x1200a9;;;WD) ReadEA: Granted byD:(A;;0x1200a9;;;WD) ReadAttributes: Granted byD:(A;;0x1200a9;;;WD)   ,5145,"['A network share object was checked to see whether client can be granted desired access.', 'Subject:', 'Security ID: SYSTEM', 'Account Name: WIN-KOSWZXC03L0$', 'Account Domain: W8R2', 'Logon ID: 0x86d584', 'Network Information: ', 'Object Type: File', 'Source Address: fe80::507a:5bf7:2a72:c046', 'Source Port: 55490', 'Share Information:', 'Share Name: \\\\\\\\\\\\\\\\\\\\\\\\\\\\\\\\*\\\\\\\\\\\\\\\\SYSVOL', 'Share Path: \\\\\\\\\\\\\\\\??\\\\\\\\\\\\\\\\C:\\\\\\\\\\\\\\\\Windows\\\\\\\\\\\\\\\\SYSVOL\\\\\\\\\\\\\\\\sysvol', 'Relative Target Name: w8r2.com\\\\\\\\\\\\\\\\Policies\\\\\\\\\\\\\\\\{6AC1786C-016F-11D2-945F-00C04fB984F9}\\\\\\\\\\\\\\\\Machine\\\\\\\\\\\\\\\\Microsoft\\\\\\\\\\\\\\\\Windows NT\\\\\\\\\\\\\\\\Audit\\\\\\\\\\\\\\\\audit.csv', 'Access Request Information:', 'Access Mask: 0x120089', 'Accesses: READ_CONTROL', 'SYNCHRONIZE', 'ReadData (or ListDirectory)', 'ReadEA', 'ReadAttributes', 'Access Check Results:', 'READ_CONTROL: Granted by Ownership', 'SYNCHRONIZE: Granted byD:(A;;0x1200a9;;;WD)', 'ReadData (or ListDirectory): Granted byD:(A;;0x1200a9;;;WD)', 'ReadEA: Granted byD:(A;;0x1200a9;;;WD)', 'ReadAttributes: Granted byD:(A;;0x1200a9;;;WD)']"
The Windows Filtering Platform has blocked a packet. Network Information: Direction:   %1 Source Address:  %2 Destination Address: %3 EtherType:   %4 VlanTag:   %5 vSwitchId:   %6 Source vSwitch Port: %7 Destination vSwitch Port:  %8 Filter Information: Filter Run-Time ID:  %9 Layer Name:   %10 Layer Run-Time ID:  %11 ,5146,"['The Windows Filtering Platform has blocked a packet.', 'Network Information:', 'Direction:   %1', 'Source Address:  %2', 'Destination Address: %3', 'EtherType:   %4', 'VlanTag:   %5', 'vSwitchId:   %6', 'Source vSwitch Port: %7', 'Destination vSwitch Port:  %8', 'Filter Information:', 'Filter Run-Time ID:  %9', 'Layer Name:   %10', 'Layer Run-Time ID:  %11']"
A more restrictive Windows Filtering Platform filter has blocked a packet. Network Information: Direction:   %1 Source Address:  %2 Destination Address:  %3 EtherType:   %4 VlanTag:   %5 vSwitchId:   %6 Source vSwitch Port:   %7 Destination vSwitch Port:  %8 Filter Information: Filter Run-Time ID:  %9 Layer Name:   %10 Layer Run-Time ID:  %11 ,5147,"['A more restrictive Windows Filtering Platform filter has blocked a packet.', 'Network Information:', 'Direction:   %1', 'Source Address:  %2', 'Destination Address:  %3', 'EtherType:   %4', 'VlanTag:   %5', 'vSwitchId:   %6', 'Source vSwitch Port:   %7', 'Destination vSwitch Port:  %8', 'Filter Information:', 'Filter Run-Time ID:  %9', 'Layer Name:   %10', 'Layer Run-Time ID:  %11']"
Network Information: Type:  %1,5148,"['Network Information:,Type:  %1']"
Network Information: Type:  %1 Packets Discarded:   %2,5149,"['Network Information:,Type:  %1,Packets Discarded: %2']"
Network Information: Direction:  %1 Source Address:  %2 Destination Address: %3 EtherType:  %4 EncapMethod:  %5 SnapControl:  %6 SnapOui:  %7 VlanTag:   %8 Filter Information:Filter Run-Time ID: %9 Layer Name:  %10 Layer Run-Time ID: %11,5150,"['Network Information:,Direction:  %1,Source Address:  %2,Destination Address: %3,EtherType:  %4,EncapMethod:  %5,SnapControl:  %6,SnapOui:  %7,VlanTag:   %8,Filter Information:,Filter Run-Time ID: %9,Layer Name:  %10,Layer Run-Time ID: %11']"
We have not been able to produce this event. ,5151,['We have not been able to produce this event.']
The Windows Filtering Platform blocked a packet. Application Information:  Process ID:  1132 Application Name: \device\harddiskvolume1\windows\system32 \svchost.exe Network Information:  Direction:  Inbound Source Address:  224.0.0.252 Source Port:  5355 Destination Address: 10.42.42.213 Destination Port:  56253 Protocol:  17 Filter Information:  Filter Run-Time ID: 0 Layer Name:  Receive/Accept Layer Run-Time ID: 44  ,5152,"['The Windows Filtering Platform blocked a packet.', 'Application Information:', ' Process ID:  1132', 'Application Name: \\\\\\\\\\\\\\\\device\\\\\\\\\\\\\\\\harddiskvolume1\\\\\\\\\\\\\\\\windows\\\\\\\\\\\\\\\\system32 \\\\\\\\\\\\\\\\svchost.exe', 'Network Information:', ' Direction:  Inbound', 'Source Address:  224.0.0.252', 'Source Port:  5355', 'Destination Address: 10.42.42.213', 'Destination Port:  56253', 'Protocol:  17', 'Filter Information:', ' Filter Run-Time ID: 0', 'Layer Name:  Receive/Accept', 'Layer Run-Time ID: 44']"
A more restrictive Windows Filtering Platform filter has blocked a packet. Application Information: Process ID: %1 Application Name: %2 ,5153,"['A more restrictive Windows Filtering Platform filter has blocked a packet.', 'Application Information:', 'Process ID: %1', 'Application Name: %2']"
The Windows Filtering Platform has permitted an application or service to listen on a port for incoming connections. Application Information:  Process ID:  1648 Application Name: \device\harddiskvolume1\windows\system32\dns.exe Network Information:  Source Address:  10.42.42.223 Source Port:  53 Protocol:  6 Filter Information:  Filter Run-Time ID: 65884 Layer Name:  Listen Layer Run-Time ID: 40  ,5154,"['The Windows Filtering Platform has permitted an application or service to listen on a port for incoming connections.', 'Application Information:', ' Process ID:  1648', 'Application Name: \\\\\\\\\\\\\\\\device\\\\\\\\\\\\\\\\harddiskvolume1\\\\\\\\\\\\\\\\windows\\\\\\\\\\\\\\\\system32\\\\\\\\\\\\\\\\dns.exe', 'Network Information:', ' Source Address:  10.42.42.223', 'Source Port:  53', 'Protocol:  6', 'Filter Information:', ' Filter Run-Time ID: 65884', 'Layer Name:  Listen', 'Layer Run-Time ID: 40']"
The Windows Filtering Platform has blocked an application or service from listening on a port for incoming connections. Application Information:  Process ID:  %1 Application Name: %2 Network Information:  Source Address:  %3 Source Port:  %4 Protocol:  %5 Filter Information:  Filter Run-Time ID: %6 Layer Name:  %7 Layer Run-Time ID: %8 ,5155,"['The Windows Filtering Platform has blocked an application or service from listening on a port for incoming connections.', 'Application Information:', ' Process ID:  %1', 'Application Name: %2', 'Network Information:', ' Source Address:  %3', 'Source Port:  %4', 'Protocol:  %5', 'Filter Information:', ' Filter Run-Time ID: %6', 'Layer Name:  %7', 'Layer Run-Time ID: %8']"
The Windows Filtering Platform has allowed a connection. Application Information:  Process ID:  1752 Application Name: \device\harddiskvolume1\windows\system32\dns.exe Network Information:  Direction:  Inbound Source Address:  10.45.45.103 Source Port:  53 Destination Address: 10.45.45.103 Destination Port:  50146 Protocol:  17 Filter Information:  Filter Run-Time ID: 5 Layer Name:  Receive/Accept Layer Run-Time ID: 44  ,5156,"['The Windows Filtering Platform has allowed a connection.', 'Application Information:', ' Process ID:  1752', 'Application Name: \\\\\\\\\\\\\\\\device\\\\\\\\\\\\\\\\harddiskvolume1\\\\\\\\\\\\\\\\windows\\\\\\\\\\\\\\\\system32\\\\\\\\\\\\\\\\dns.exe', 'Network Information:', ' Direction:  Inbound', 'Source Address:  10.45.45.103', 'Source Port:  53', 'Destination Address: 10.45.45.103', 'Destination Port:  50146', 'Protocol:  17', 'Filter Information:', ' Filter Run-Time ID: 5', 'Layer Name:  Receive/Accept', 'Layer Run-Time ID: 44']"
The Windows Filtering Platform has blocked a connection. Application Information:  Process ID:    1224 Application Name:  \device\harddiskvolume1\windows\system32\svchost.exe Network Information:  Direction:  Inbound Source Address:  224.0.0.252 Source Port:  5355 Destination Address: 10.45.45.102 Destination Port:  56927 Protocol:  17 Filter Information:  Filter Run-Time ID:  0 Layer Name:  Receive/Accept Layer Run-Time ID:  44  ,5157,"['The Windows Filtering Platform has blocked a connection.', 'Application Information:', ' Process ID:    1224', 'Application Name:  \\\\\\\\\\\\\\\\device\\\\\\\\\\\\\\\\harddiskvolume1\\\\\\\\\\\\\\\\windows\\\\\\\\\\\\\\\\system32\\\\\\\\\\\\\\\\svchost.exe', 'Network Information:', ' Direction:  Inbound', 'Source Address:  224.0.0.252', 'Source Port:  5355', 'Destination Address: 10.45.45.102', 'Destination Port:  56927', 'Protocol:  17', 'Filter Information:', ' Filter Run-Time ID:  0', 'Layer Name:  Receive/Accept', 'Layer Run-Time ID:  44']"
The Windows Filtering Platform has permitted a bind to a local port. Application Information:  Process ID:  4 Application Name: System Network Information:  Source Address:  :: Source Port:  3389 Protocol:  6 Filter Information:  Filter Run-Time ID: 0 Layer Name:  Resource Assignment Layer Run-Time ID: 38 ,5158,"['The Windows Filtering Platform has permitted a bind to a local port.', 'Application Information:', ' Process ID:  4', 'Application Name: System', 'Network Information:', ' Source Address:  ::', 'Source Port:  3389', 'Protocol:  6', 'Filter Information:', ' Filter Run-Time ID: 0', 'Layer Name:  Resource Assignment', 'Layer Run-Time ID: 38']"
The Windows Filtering Platform has blocked a bind to a local port. Application Information:  Process ID:  592 Application Name: \device\harddiskvolume1\windows\system32 \lsass.exe Network Information:  Source Address:  fe80::9516:1afb:3656:dab1 Source Port:  389 Protocol:  17 Filter Information:  Filter Run-Time ID: 0 Layer Name:  Resource Assignment Layer Run-Time ID: 38 ,5159,"['The Windows Filtering Platform has blocked a bind to a local port.', 'Application Information:', ' Process ID:  592', 'Application Name: \\\\\\\\\\\\\\\\device\\\\\\\\\\\\\\\\harddiskvolume1\\\\\\\\\\\\\\\\windows\\\\\\\\\\\\\\\\system32 \\\\\\\\\\\\\\\\lsass.exe', 'Network Information:', ' Source Address:  fe80::9516:1afb:3656:dab1', 'Source Port:  389', 'Protocol:  17', 'Filter Information:', ' Filter Run-Time ID: 0', 'Layer Name:  Resource Assignment', 'Layer Run-Time ID: 38']"
We have not been able to produce this event. ,5168,['We have not been able to produce this event.']
A directory service object was modified. Subject:  Security ID: %3  Account Name: %4  Account Domain: %5  Logon ID: %6 Directory Service:  Name: %7  Type: %8 Object:  DN: %9  GUID: %10  Class: %11 Attribute:  LDAP Display Name: %12  Syntax (OID): %13  Value: %14  Expiration Time: %15 Operation:  Type: %16  Correlation ID: %1  Application Correlation ID: %2 ,5169,"['A directory service object was modified.', 'Subject:', ' Security ID:%3', ' Account Name:%4', ' Account Domain:%5', ' Logon ID:%6', 'Directory Service:', ' Name:%7', ' Type:%8', 'Object:', ' DN:%9', ' GUID:%10', ' Class:%11', 'Attribute:', ' LDAP Display Name:%12', ' Syntax (OID):%13', ' Value:%14', ' Expiration Time:%15', 'Operation:', ' Type:%16', ' Correlation ID:%1', ' Application Correlation ID:%2']"
A directory service object was modified during a background cleanup task. Subject:  Security ID: %3  Account Name: %4  Account Domain: %5  Logon ID: %6 Directory Service:  Name: %7  Type: %8 Object:  DN: %9  GUID: %10  Class: %11 Attribute:  LDAP Display Name: %12  Syntax (OID): %13  Value: %14  Expiration Time: %15 Operation:  Type: %16  Correlation ID: %1  Application Correlation ID: %2 ,5170,"['A directory service object was modified during a background cleanup task.', 'Subject:', ' Security ID:%3', ' Account Name:%4', ' Account Domain:%5', ' Logon ID:%6', 'Directory Service:', ' Name:%7', ' Type:%8', 'Object:', ' DN:%9', ' GUID:%10', ' Class:%11', 'Attribute:', ' LDAP Display Name:%12', ' Syntax (OID):%13', ' Value:%14', ' Expiration Time:%15', 'Operation:', ' Type:%16', ' Correlation ID:%1', ' Application Correlation ID:%2']"
Credential Manager credentials were backed up. Subject:  Security ID:  WIN-R9H529RIO4Y\Administrator Account Name:  Administrator Account Domain:  WIN-R9H529RIO4Y Logon ID:  0x1ba0e BackupFileName: xyz  This event occurs when a user backs up their own Credential Manager credentials. A user (even an Administrator) cannot back up the credentials of an account other than his own. ,5376,"['Credential Manager credentials were backed up.', 'Subject:', ' Security ID:  WIN-R9H529RIO4Y\\\\\\\\\\\\\\\\Administrator', 'Account Name:  Administrator', 'Account Domain:  WIN-R9H529RIO4Y', 'Logon ID:  0x1ba0e', 'BackupFileName: xyz']"
